= :   1 : Case2_Backend        : joined
= :   1 : Case2_Frontend       : joined
= :   2 : Case2_Backend        : ping() is invoked
= :   2 : Case2_Frontend       : Pinged!
= :   3 : Case2_Backend        : add2() is invoked, 2, 3
= :   3 : Case2_Frontend       : Add2: 5
= :   4 : Case2_Backend        : procedures registered
= :   5 : Case2_Backend        : stars() is invoked, somebody, 0
= :   4 : Case2_Frontend       : Starred 1: somebody starred 0x
= :   6 : Case2_Backend        : stars() is invoked, Homer, 0
= :   5 : Case2_Frontend       : Starred 2: Homer starred 0x
= :   7 : Case2_Backend        : stars() is invoked, somebody, 5
= :   6 : Case2_Frontend       : Starred 3: somebody starred 5x
= :   8 : Case2_Backend        : stars() is invoked, Homer, 5
= :   7 : Case2_Frontend       : Starred 4: Homer starred 5x
= :   9 : Case2_Backend        : orders() is invoked, coffee, 5
= :   8 : Case2_Frontend       : Orders 1: [u'Product 0', u'Product 1', u'Product 2', u'Product 3', u'Product 4']
= :  10 : Case2_Backend        : orders() is invoked, coffee, 10
= :   9 : Case2_Frontend       : Orders 2: [u'Product 0', u'Product 1', u'Product 2', u'Product 3', u'Product 4', u'Product 5', u'Product 6', u'Product 7', u'Product 8', u'Product 9']
= :  11 : Case2_Backend        : arglen() is invoked, (), {}
= :  10 : Case2_Frontend       : Arglen 1: [0, 0]
= :  12 : Case2_Backend        : arglen() is invoked, (1, 2, 3), {}
= :  11 : Case2_Frontend       : Arglen 1: [3, 0]
= :  13 : Case2_Backend        : arglen() is invoked, (), {u'a': 1, u'c': 3, u'b': 2}
= :  12 : Case2_Frontend       : Arglen 2: [0, 3]
= :  14 : Case2_Backend        : arglen() is invoked, (1, 2, 3), {u'a': 1, u'c': 3, u'b': 2}
= :  13 : Case2_Frontend       : Arglen 3: [3, 3]
